This file contains any messages produced by compilers while
running configure, to aid debugging if configure makes a mistake.

It was created by libmutil configure 0.8.0, which was
generated by GNU Autoconf 2.69.  Invocation command line was

  $ ./configure 

## --------- ##
## Platform. ##
## --------- ##

hostname = darwin
uname -m = x86_64
uname -r = 5.15.6-051506-generic
uname -s = Linux
uname -v = #202112011437-Ubuntu SMP Wed Dec 1 14:48:54 UTC 2021

/usr/bin/uname -p = unknown
/bin/uname -X     = unknown

/bin/arch              = unknown
/usr/bin/arch -k       = unknown
/usr/convex/getsysinfo = unknown
/usr/bin/hostinfo      = unknown
/bin/machine           = unknown
/usr/bin/oslevel       = unknown
/bin/universe          = unknown

PATH: /home/robin/.local/bin
PATH: /home/robin/bin
PATH: /usr/local/sbin
PATH: /usr/local/bin
PATH: /usr/sbin
PATH: /usr/bin
PATH: /sbin
PATH: /bin
PATH: /usr/games
PATH: /usr/local/games
PATH: /snap/bin


## ----------- ##
## Core tests. ##
## ----------- ##

configure:2626: checking for a BSD-compatible install
configure:2694: result: /usr/bin/install -c
configure:2705: checking whether build environment is sane
configure:2760: result: yes
configure:2909: checking for a thread-safe mkdir -p
configure:2948: result: /bin/mkdir -p
configure:2955: checking for gawk
configure:2971: found /usr/bin/gawk
configure:2982: result: gawk
configure:2993: checking whether make sets $(MAKE)
configure:3015: result: yes
configure:3044: checking whether make supports nested variables
configure:3061: result: yes
configure:3076: checking build system type
configure:3090: result: x86_64-pc-linux-gnu
configure:3110: checking host system type
configure:3123: result: x86_64-pc-linux-gnu
configure:3147: checking whether make supports the include directive
configure:3162: make -f confmf.GNU && cat confinc.out
this is the am__doit target
configure:3165: $? = 0
configure:3184: result: yes (GNU style)
configure:3254: checking for gcc
configure:3270: found /usr/bin/gcc
configure:3281: result: gcc
configure:3510: checking for C compiler version
configure:3519: gcc --version >&5
gcc (Ubuntu 9.3.0-17ubuntu1~20.04) 9.3.0
Copyright (C) 2019 Free Software Foundation, Inc.
This is free software; see the source for copying conditions.  There is NO
warranty; not even for MERCHANTABILITY or FITNESS FOR A PARTICULAR PURPOSE.

configure:3530: $? = 0
configure:3519: gcc -v >&5
Using built-in specs.
COLLECT_GCC=gcc
COLLECT_LTO_WRAPPER=/usr/lib/gcc/x86_64-linux-gnu/9/lto-wrapper
OFFLOAD_TARGET_NAMES=nvptx-none:hsa
OFFLOAD_TARGET_DEFAULT=1
Target: x86_64-linux-gnu
Configured with: ../src/configure -v --with-pkgversion='Ubuntu 9.3.0-17ubuntu1~20.04' --with-bugurl=file:///usr/share/doc/gcc-9/README.Bugs --enable-languages=c,ada,c++,go,brig,d,fortran,objc,obj-c++,gm2 --prefix=/usr --with-gcc-major-version-only --program-suffix=-9 --program-prefix=x86_64-linux-gnu- --enable-shared --enable-linker-build-id --libexecdir=/usr/lib --without-included-gettext --enable-threads=posix --libdir=/usr/lib --enable-nls --enable-clocale=gnu --enable-libstdcxx-debug --enable-libstdcxx-time=yes --with-default-libstdcxx-abi=new --enable-gnu-unique-object --disable-vtable-verify --enable-plugin --enable-default-pie --with-system-zlib --with-target-system-zlib=auto --enable-objc-gc=auto --enable-multiarch --disable-werror --with-arch-32=i686 --with-abi=m64 --with-multilib-list=m32,m64,mx32 --enable-multilib --with-tune=generic --enable-offload-targets=nvptx-none=/build/gcc-9-HskZEa/gcc-9-9.3.0/debian/tmp-nvptx/usr,hsa --without-cuda-driver --enable-checking=release --build=x86_64-linux-gnu --host=x86_64-linux-gnu --target=x86_64-linux-gnu
Thread model: posix
gcc version 9.3.0 (Ubuntu 9.3.0-17ubuntu1~20.04) 
configure:3530: $? = 0
configure:3519: gcc -V >&5
gcc: error: unrecognized command line option '-V'
gcc: fatal error: no input files
compilation terminated.
configure:3530: $? = 1
configure:3519: gcc -qversion >&5
gcc: error: unrecognized command line option '-qversion'; did you mean '--version'?
gcc: fatal error: no input files
compilation terminated.
configure:3530: $? = 1
configure:3550: checking whether the C compiler works
configure:3572: gcc    conftest.c  >&5
configure:3576: $? = 0
configure:3624: result: yes
configure:3627: checking for C compiler default output file name
configure:3629: result: a.out
configure:3635: checking for suffix of executables
configure:3642: gcc -o conftest    conftest.c  >&5
configure:3646: $? = 0
configure:3668: result: 
configure:3690: checking whether we are cross compiling
configure:3698: gcc -o conftest    conftest.c  >&5
configure:3702: $? = 0
configure:3709: ./conftest
configure:3713: $? = 0
configure:3701: result: no
configure:3706: checking for suffix of object files
configure:3728: gcc -c   conftest.c >&5
configure:3732: $? = 0
configure:3753: result: o
configure:3757: checking whether we are using the GNU C compiler
configure:3776: gcc -c   conftest.c >&5
configure:3776: $? = 0
configure:3785: result: yes
configure:3794: checking whether gcc accepts -g
configure:3814: gcc -c -g  conftest.c >&5
configure:3814: $? = 0
configure:3855: result: yes
configure:3872: checking for gcc option to accept ISO C89
configure:3935: gcc  -c -g -O2  conftest.c >&5
configure:3935: $? = 0
configure:3948: result: none needed
configure:3973: checking whether gcc understands -c and -o together
configure:3995: gcc -c conftest.c -o conftest2.o
configure:3998: $? = 0
configure:3995: gcc -c conftest.c -o conftest2.o
configure:3998: $? = 0
configure:4010: result: yes
configure:4029: checking dependency style of gcc
configure:4140: result: gcc3
configure:4161: checking how to run the C preprocessor
configure:4192: gcc -E  conftest.c
configure:4192: $? = 0
configure:4206: gcc -E  conftest.c
conftest.c:9:10: fatal error: ac_nonexistent.h: No such file or directory
    9 | #include <ac_nonexistent.h>
      |          ^~~~~~~~~~~~~~~~~~
compilation terminated.
configure:4206: $? = 1
configure: failed program was:
| /* confdefs.h */
| #define PACKAGE_NAME "libmutil"
| #define PACKAGE_TARNAME "libmutil"
| #define PACKAGE_VERSION "0.8.0"
| #define PACKAGE_STRING "libmutil 0.8.0"
| #define PACKAGE_BUGREPORT "Erik Eliasson <eliasson@imit.kth.se>"
| #define PACKAGE_URL ""
| /* end confdefs.h.  */
| #include <ac_nonexistent.h>
configure:4231: result: gcc -E
configure:4251: gcc -E  conftest.c
configure:4251: $? = 0
configure:4265: gcc -E  conftest.c
conftest.c:9:10: fatal error: ac_nonexistent.h: No such file or directory
    9 | #include <ac_nonexistent.h>
      |          ^~~~~~~~~~~~~~~~~~
compilation terminated.
configure:4265: $? = 1
configure: failed program was:
| /* confdefs.h */
| #define PACKAGE_NAME "libmutil"
| #define PACKAGE_TARNAME "libmutil"
| #define PACKAGE_VERSION "0.8.0"
| #define PACKAGE_STRING "libmutil 0.8.0"
| #define PACKAGE_BUGREPORT "Erik Eliasson <eliasson@imit.kth.se>"
| #define PACKAGE_URL ""
| /* end confdefs.h.  */
| #include <ac_nonexistent.h>
configure:4294: checking for grep that handles long lines and -e
configure:4352: result: /bin/grep
configure:4357: checking for egrep
configure:4419: result: /bin/grep -E
configure:4424: checking for ANSI C header files
configure:4444: gcc -c -g -O2  conftest.c >&5
configure:4444: $? = 0
configure:4517: gcc -o conftest -g -O2   conftest.c  >&5
configure:4517: $? = 0
configure:4517: ./conftest
configure:4517: $? = 0
configure:4528: result: yes
configure:4541: checking for sys/types.h
configure:4541: gcc -c -g -O2  conftest.c >&5
configure:4541: $? = 0
configure:4541: result: yes
configure:4541: checking for sys/stat.h
configure:4541: gcc -c -g -O2  conftest.c >&5
configure:4541: $? = 0
configure:4541: result: yes
configure:4541: checking for stdlib.h
configure:4541: gcc -c -g -O2  conftest.c >&5
configure:4541: $? = 0
configure:4541: result: yes
configure:4541: checking for string.h
configure:4541: gcc -c -g -O2  conftest.c >&5
configure:4541: $? = 0
configure:4541: result: yes
configure:4541: checking for memory.h
configure:4541: gcc -c -g -O2  conftest.c >&5
configure:4541: $? = 0
configure:4541: result: yes
configure:4541: checking for strings.h
configure:4541: gcc -c -g -O2  conftest.c >&5
configure:4541: $? = 0
configure:4541: result: yes
configure:4541: checking for inttypes.h
configure:4541: gcc -c -g -O2  conftest.c >&5
configure:4541: $? = 0
configure:4541: result: yes
configure:4541: checking for stdint.h
configure:4541: gcc -c -g -O2  conftest.c >&5
configure:4541: $? = 0
configure:4541: result: yes
configure:4541: checking for unistd.h
configure:4541: gcc -c -g -O2  conftest.c >&5
configure:4541: $? = 0
configure:4541: result: yes
configure:4670: checking whether to enable maintainer-specific portions of Makefiles
configure:4679: result: no
configure:4708: checking whether byte ordering is bigendian
configure:4723: gcc -c -g -O2  conftest.c >&5
conftest.c:22:9: error: unknown type name 'not'
   22 |         not a universal capable compiler
      |         ^~~
conftest.c:22:15: error: expected '=', ',', ';', 'asm' or '__attribute__' before 'universal'
   22 |         not a universal capable compiler
      |               ^~~~~~~~~
conftest.c:22:15: error: unknown type name 'universal'
configure:4723: $? = 1
configure: failed program was:
| /* confdefs.h */
| #define PACKAGE_NAME "libmutil"
| #define PACKAGE_TARNAME "libmutil"
| #define PACKAGE_VERSION "0.8.0"
| #define PACKAGE_STRING "libmutil 0.8.0"
| #define PACKAGE_BUGREPORT "Erik Eliasson <eliasson@imit.kth.se>"
| #define PACKAGE_URL ""
| #define STDC_HEADERS 1
| #define HAVE_SYS_TYPES_H 1
| #define HAVE_SYS_STAT_H 1
| #define HAVE_STDLIB_H 1
| #define HAVE_STRING_H 1
| #define HAVE_MEMORY_H 1
| #define HAVE_STRINGS_H 1
| #define HAVE_INTTYPES_H 1
| #define HAVE_STDINT_H 1
| #define HAVE_UNISTD_H 1
| #define PACKAGE "libmutil"
| #define VERSION "0.8.0"
| /* end confdefs.h.  */
| #ifndef __APPLE_CC__
| 	       not a universal capable compiler
| 	     #endif
| 	     typedef int dummy;
| 
configure:4768: gcc -c -g -O2  conftest.c >&5
configure:4768: $? = 0
configure:4786: gcc -c -g -O2  conftest.c >&5
conftest.c: In function 'main':
conftest.c:28:4: error: unknown type name 'not'; did you mean 'ino_t'?
   28 |    not big endian
      |    ^~~
      |    ino_t
conftest.c:28:12: error: expected '=', ',', ';', 'asm' or '__attribute__' before 'endian'
   28 |    not big endian
      |            ^~~~~~
configure:4786: $? = 1
configure: failed program was:
| /* confdefs.h */
| #define PACKAGE_NAME "libmutil"
| #define PACKAGE_TARNAME "libmutil"
| #define PACKAGE_VERSION "0.8.0"
| #define PACKAGE_STRING "libmutil 0.8.0"
| #define PACKAGE_BUGREPORT "Erik Eliasson <eliasson@imit.kth.se>"
| #define PACKAGE_URL ""
| #define STDC_HEADERS 1
| #define HAVE_SYS_TYPES_H 1
| #define HAVE_SYS_STAT_H 1
| #define HAVE_STDLIB_H 1
| #define HAVE_STRING_H 1
| #define HAVE_MEMORY_H 1
| #define HAVE_STRINGS_H 1
| #define HAVE_INTTYPES_H 1
| #define HAVE_STDINT_H 1
| #define HAVE_UNISTD_H 1
| #define PACKAGE "libmutil"
| #define VERSION "0.8.0"
| /* end confdefs.h.  */
| #include <sys/types.h>
| 		#include <sys/param.h>
| 
| int
| main ()
| {
| #if BYTE_ORDER != BIG_ENDIAN
| 		 not big endian
| 		#endif
| 
|   ;
|   return 0;
| }
configure:4914: result: no
configure:4990: checking for g++
configure:5006: found /usr/bin/g++
configure:5017: result: g++
configure:5044: checking for C++ compiler version
configure:5053: g++ --version >&5
g++ (Ubuntu 9.3.0-17ubuntu1~20.04) 9.3.0
Copyright (C) 2019 Free Software Foundation, Inc.
This is free software; see the source for copying conditions.  There is NO
warranty; not even for MERCHANTABILITY or FITNESS FOR A PARTICULAR PURPOSE.

configure:5064: $? = 0
configure:5053: g++ -v >&5
Using built-in specs.
COLLECT_GCC=g++
COLLECT_LTO_WRAPPER=/usr/lib/gcc/x86_64-linux-gnu/9/lto-wrapper
OFFLOAD_TARGET_NAMES=nvptx-none:hsa
OFFLOAD_TARGET_DEFAULT=1
Target: x86_64-linux-gnu
Configured with: ../src/configure -v --with-pkgversion='Ubuntu 9.3.0-17ubuntu1~20.04' --with-bugurl=file:///usr/share/doc/gcc-9/README.Bugs --enable-languages=c,ada,c++,go,brig,d,fortran,objc,obj-c++,gm2 --prefix=/usr --with-gcc-major-version-only --program-suffix=-9 --program-prefix=x86_64-linux-gnu- --enable-shared --enable-linker-build-id --libexecdir=/usr/lib --without-included-gettext --enable-threads=posix --libdir=/usr/lib --enable-nls --enable-clocale=gnu --enable-libstdcxx-debug --enable-libstdcxx-time=yes --with-default-libstdcxx-abi=new --enable-gnu-unique-object --disable-vtable-verify --enable-plugin --enable-default-pie --with-system-zlib --with-target-system-zlib=auto --enable-objc-gc=auto --enable-multiarch --disable-werror --with-arch-32=i686 --with-abi=m64 --with-multilib-list=m32,m64,mx32 --enable-multilib --with-tune=generic --enable-offload-targets=nvptx-none=/build/gcc-9-HskZEa/gcc-9-9.3.0/debian/tmp-nvptx/usr,hsa --without-cuda-driver --enable-checking=release --build=x86_64-linux-gnu --host=x86_64-linux-gnu --target=x86_64-linux-gnu
Thread model: posix
gcc version 9.3.0 (Ubuntu 9.3.0-17ubuntu1~20.04) 
configure:5064: $? = 0
configure:5053: g++ -V >&5
g++: error: unrecognized command line option '-V'
g++: fatal error: no input files
compilation terminated.
configure:5064: $? = 1
configure:5053: g++ -qversion >&5
g++: error: unrecognized command line option '-qversion'; did you mean '--version'?
g++: fatal error: no input files
compilation terminated.
configure:5064: $? = 1
configure:5068: checking whether we are using the GNU C++ compiler
configure:5087: g++ -c   conftest.cpp >&5
configure:5087: $? = 0
configure:5096: result: yes
configure:5105: checking whether g++ accepts -g
configure:5125: g++ -c -g  conftest.cpp >&5
configure:5125: $? = 0
configure:5166: result: yes
configure:5191: checking dependency style of g++
configure:5302: result: gcc3
configure:5365: checking for gcc
configure:5392: result: gcc
configure:5621: checking for C compiler version
configure:5630: gcc --version >&5
gcc (Ubuntu 9.3.0-17ubuntu1~20.04) 9.3.0
Copyright (C) 2019 Free Software Foundation, Inc.
This is free software; see the source for copying conditions.  There is NO
warranty; not even for MERCHANTABILITY or FITNESS FOR A PARTICULAR PURPOSE.

configure:5641: $? = 0
configure:5630: gcc -v >&5
Using built-in specs.
COLLECT_GCC=gcc
COLLECT_LTO_WRAPPER=/usr/lib/gcc/x86_64-linux-gnu/9/lto-wrapper
OFFLOAD_TARGET_NAMES=nvptx-none:hsa
OFFLOAD_TARGET_DEFAULT=1
Target: x86_64-linux-gnu
Configured with: ../src/configure -v --with-pkgversion='Ubuntu 9.3.0-17ubuntu1~20.04' --with-bugurl=file:///usr/share/doc/gcc-9/README.Bugs --enable-languages=c,ada,c++,go,brig,d,fortran,objc,obj-c++,gm2 --prefix=/usr --with-gcc-major-version-only --program-suffix=-9 --program-prefix=x86_64-linux-gnu- --enable-shared --enable-linker-build-id --libexecdir=/usr/lib --without-included-gettext --enable-threads=posix --libdir=/usr/lib --enable-nls --enable-clocale=gnu --enable-libstdcxx-debug --enable-libstdcxx-time=yes --with-default-libstdcxx-abi=new --enable-gnu-unique-object --disable-vtable-verify --enable-plugin --enable-default-pie --with-system-zlib --with-target-system-zlib=auto --enable-objc-gc=auto --enable-multiarch --disable-werror --with-arch-32=i686 --with-abi=m64 --with-multilib-list=m32,m64,mx32 --enable-multilib --with-tune=generic --enable-offload-targets=nvptx-none=/build/gcc-9-HskZEa/gcc-9-9.3.0/debian/tmp-nvptx/usr,hsa --without-cuda-driver --enable-checking=release --build=x86_64-linux-gnu --host=x86_64-linux-gnu --target=x86_64-linux-gnu
Thread model: posix
gcc version 9.3.0 (Ubuntu 9.3.0-17ubuntu1~20.04) 
configure:5641: $? = 0
configure:5630: gcc -V >&5
gcc: error: unrecognized command line option '-V'
gcc: fatal error: no input files
compilation terminated.
configure:5641: $? = 1
configure:5630: gcc -qversion >&5
gcc: error: unrecognized command line option '-qversion'; did you mean '--version'?
gcc: fatal error: no input files
compilation terminated.
configure:5641: $? = 1
configure:5645: checking whether we are using the GNU C compiler
configure:5673: result: yes
configure:5682: checking whether gcc accepts -g
configure:5743: result: yes
configure:5760: checking for gcc option to accept ISO C89
configure:5836: result: none needed
configure:5861: checking whether gcc understands -c and -o together
configure:5898: result: yes
configure:5917: checking dependency style of gcc
configure:6028: result: gcc3
configure:6048: checking how to run the C preprocessor
configure:6118: result: gcc -E
configure:6138: gcc -E  conftest.c
configure:6138: $? = 0
configure:6152: gcc -E  conftest.c
conftest.c:21:10: fatal error: ac_nonexistent.h: No such file or directory
   21 | #include <ac_nonexistent.h>
      |          ^~~~~~~~~~~~~~~~~~
compilation terminated.
configure:6152: $? = 1
configure: failed program was:
| /* confdefs.h */
| #define PACKAGE_NAME "libmutil"
| #define PACKAGE_TARNAME "libmutil"
| #define PACKAGE_VERSION "0.8.0"
| #define PACKAGE_STRING "libmutil 0.8.0"
| #define PACKAGE_BUGREPORT "Erik Eliasson <eliasson@imit.kth.se>"
| #define PACKAGE_URL ""
| #define STDC_HEADERS 1
| #define HAVE_SYS_TYPES_H 1
| #define HAVE_SYS_STAT_H 1
| #define HAVE_STDLIB_H 1
| #define HAVE_STRING_H 1
| #define HAVE_MEMORY_H 1
| #define HAVE_STRINGS_H 1
| #define HAVE_INTTYPES_H 1
| #define HAVE_STDINT_H 1
| #define HAVE_UNISTD_H 1
| #define PACKAGE "libmutil"
| #define VERSION "0.8.0"
| /* end confdefs.h.  */
| #include <ac_nonexistent.h>
configure:6180: checking whether ln -s works
configure:6184: result: yes
configure:6191: checking whether make sets $(MAKE)
configure:6213: result: yes
configure:6383: checking for pkg-config
configure:6401: found /usr/bin/pkg-config
configure:6413: result: /usr/bin/pkg-config
configure:6438: checking pkg-config is at least version 0.9.0
configure:6441: result: yes
configure:6911: checking how to print strings
configure:6938: result: printf
configure:6959: checking for a sed that does not truncate output
configure:7023: result: /bin/sed
configure:7041: checking for fgrep
configure:7103: result: /bin/grep -F
configure:7138: checking for ld used by gcc
configure:7205: result: /usr/bin/ld
configure:7212: checking if the linker (/usr/bin/ld) is GNU ld
configure:7227: result: yes
configure:7239: checking for BSD- or MS-compatible name lister (nm)
configure:7293: result: /usr/bin/nm -B
configure:7423: checking the name lister (/usr/bin/nm -B) interface
configure:7430: g++ -c -g -O2  conftest.cpp >&5
configure:7433: /usr/bin/nm -B "conftest.o"
configure:7436: output
0000000000000000 B some_variable
configure:7437: result: BSD nm
configure:7441: checking the maximum length of command line arguments
configure:7572: result: 1572864
configure:7620: checking how to convert x86_64-pc-linux-gnu file names to x86_64-pc-linux-gnu format
configure:7660: result: func_convert_file_noop
configure:7667: checking how to convert x86_64-pc-linux-gnu file names to toolchain format
configure:7687: result: func_convert_file_noop
configure:7694: checking for /usr/bin/ld option to reload object files
configure:7701: result: -r
configure:7775: checking for objdump
configure:7802: result: objdump
configure:7831: checking how to recognize dependent libraries
configure:8031: result: pass_all
configure:8116: checking for dlltool
configure:8143: result: dlltool
configure:8173: checking how to associate runtime and link libraries
configure:8200: result: printf %s\n
configure:8261: checking for ar
configure:8277: found /usr/bin/ar
configure:8288: result: ar
configure:8325: checking for archiver @FILE support
configure:8342: g++ -c -g -O2  conftest.cpp >&5
conftest.cpp:22: warning: "VERSION" redefined
   22 | #define VERSION PACKAGE_VERSION_FULL
      | 
conftest.cpp:19: note: this is the location of the previous definition
   19 | #define VERSION "0.8.0"
      | 
conftest.cpp:23: warning: "PACKAGE_VERSION" redefined
   23 | #define PACKAGE_VERSION PACKAGE_VERSION_FULL
      | 
conftest.cpp:4: note: this is the location of the previous definition
    4 | #define PACKAGE_VERSION "0.8.0"
      | 
conftest.cpp:24: warning: "PACKAGE_STRING" redefined
   24 | #define PACKAGE_STRING PACKAGE_STRING_FULL
      | 
conftest.cpp:5: note: this is the location of the previous definition
    5 | #define PACKAGE_STRING "libmutil 0.8.0"
      | 
configure:8342: $? = 0
configure:8345: ar cr libconftest.a @conftest.lst >&5
configure:8348: $? = 0
configure:8353: ar cr libconftest.a @conftest.lst >&5
ar: conftest.o: No such file or directory
configure:8356: $? = 1
configure:8355: result: @
configure:8413: checking for strip
configure:8429: found /usr/bin/strip
configure:8440: result: strip
configure:8512: checking for ranlib
configure:8528: found /usr/bin/ranlib
configure:8539: result: ranlib
configure:8641: checking command to parse /usr/bin/nm -B output from gcc object
configure:8794: g++ -c -g -O2  conftest.cpp >&5
configure:8797: $? = 0
configure:8801: /usr/bin/nm -B conftest.o | sed -n -e 's/^.*[	 ]\([ABCDGIRSTW][ABCDGIRSTW]*\)[	 ][	 ]*\([_A-Za-z][_A-Za-z0-9]*\)$/\1 \2 \2/p' | sed '/ __gnu_lto/d' > conftest.nm
configure:8867: g++ -o conftest -g -O2   conftest.cpp conftstm.o >&5
configure:8870: $? = 0
configure:8908: result: ok
configure:8955: checking for sysroot
configure:8985: result: no
configure:8992: checking for a working dd
configure:9030: result: /bin/dd
configure:9034: checking how to truncate binary pipes
configure:9049: result: /bin/dd bs=4096 count=1
configure:9185: g++ -c -g -O2  conftest.cpp >&5
configure:9188: $? = 0
configure:9378: checking for mt
configure:9394: found /bin/mt
configure:9405: result: mt
configure:9428: checking if mt is a manifest tool
configure:9434: mt '-?'
configure:9442: result: no
configure:10116: checking for dlfcn.h
configure:10116: g++ -c -g -O2  conftest.cpp >&5
conftest.cpp:22: warning: "VERSION" redefined
   22 | #define VERSION PACKAGE_VERSION_FULL
      | 
conftest.cpp:19: note: this is the location of the previous definition
   19 | #define VERSION "0.8.0"
      | 
conftest.cpp:23: warning: "PACKAGE_VERSION" redefined
   23 | #define PACKAGE_VERSION PACKAGE_VERSION_FULL
      | 
conftest.cpp:4: note: this is the location of the previous definition
    4 | #define PACKAGE_VERSION "0.8.0"
      | 
conftest.cpp:24: warning: "PACKAGE_STRING" redefined
   24 | #define PACKAGE_STRING PACKAGE_STRING_FULL
      | 
conftest.cpp:5: note: this is the location of the previous definition
    5 | #define PACKAGE_STRING "libmutil 0.8.0"
      | 
configure:10116: $? = 0
configure:10116: result: yes
configure:10378: checking for objdir
configure:10393: result: .libs
configure:10653: checking if gcc supports -fno-rtti -fno-exceptions
configure:10671: gcc -c -g -O2  -fno-rtti -fno-exceptions conftest.c >&5
cc1: warning: command line option '-fno-rtti' is valid for C++/D/ObjC++ but not for C
configure:10675: $? = 0
configure:10688: result: no
configure:11052: checking for gcc option to produce PIC
configure:11059: result: -fPIC -DPIC
configure:11067: checking if gcc PIC flag -fPIC -DPIC works
configure:11085: gcc -c -g -O2  -fPIC -DPIC -DPIC conftest.c >&5
configure:11089: $? = 0
configure:11102: result: yes
configure:11131: checking if gcc static flag -static works
configure:11159: result: yes
configure:11174: checking if gcc supports -c -o file.o
configure:11195: gcc -c -g -O2  -o out/conftest2.o conftest.c >&5
configure:11199: $? = 0
configure:11221: result: yes
configure:11229: checking if gcc supports -c -o file.o
configure:11276: result: yes
configure:11309: checking whether the gcc linker (/usr/bin/ld -m elf_x86_64) supports shared libraries
configure:12572: result: yes
configure:12609: checking whether -lc should be explicitly linked in
configure:12617: gcc -c -g -O2  conftest.c >&5
configure:12620: $? = 0
configure:12635: gcc -shared  -fPIC -DPIC conftest.o  -v -Wl,-soname -Wl,conftest -o conftest 2\>\&1 \| /bin/grep  -lc  \>/dev/null 2\>\&1
configure:12638: $? = 0
configure:12652: result: no
configure:12812: checking dynamic linker characteristics
configure:13393: gcc -o conftest -g -O2   -Wl,-rpath -Wl,/foo conftest.c  >&5
conftest.c:22: warning: "VERSION" redefined
   22 | #define VERSION PACKAGE_VERSION_FULL
      | 
conftest.c:19: note: this is the location of the previous definition
   19 | #define VERSION "0.8.0"
      | 
conftest.c:23: warning: "PACKAGE_VERSION" redefined
   23 | #define PACKAGE_VERSION PACKAGE_VERSION_FULL
      | 
conftest.c:4: note: this is the location of the previous definition
    4 | #define PACKAGE_VERSION "0.8.0"
      | 
conftest.c:24: warning: "PACKAGE_STRING" redefined
   24 | #define PACKAGE_STRING PACKAGE_STRING_FULL
      | 
conftest.c:5: note: this is the location of the previous definition
    5 | #define PACKAGE_STRING "libmutil 0.8.0"
      | 
configure:13393: $? = 0
configure:13642: result: GNU/Linux ld.so
configure:13764: checking how to hardcode library paths into programs
configure:13789: result: immediate
configure:13891: checking for shl_load
configure:13891: gcc -o conftest -g -O2   conftest.c  >&5
conftest.c:22: warning: "VERSION" redefined
   22 | #define VERSION PACKAGE_VERSION_FULL
      | 
conftest.c:19: note: this is the location of the previous definition
   19 | #define VERSION "0.8.0"
      | 
conftest.c:23: warning: "PACKAGE_VERSION" redefined
   23 | #define PACKAGE_VERSION PACKAGE_VERSION_FULL
      | 
conftest.c:4: note: this is the location of the previous definition
    4 | #define PACKAGE_VERSION "0.8.0"
      | 
conftest.c:24: warning: "PACKAGE_STRING" redefined
   24 | #define PACKAGE_STRING PACKAGE_STRING_FULL
      | 
conftest.c:5: note: this is the location of the previous definition
    5 | #define PACKAGE_STRING "libmutil 0.8.0"
      | 
/usr/bin/ld: /tmp/ccS200JX.o: in function `main':
/home/robin/data/minisip/libmutil/conftest.c:62: undefined reference to `shl_load'
collect2: error: ld returned 1 exit status
configure:13891: $? = 1
configure: failed program was:
| /* confdefs.h */
| #define PACKAGE_NAME "libmutil"
| #define PACKAGE_TARNAME "libmutil"
| #define PACKAGE_VERSION "0.8.0"
| #define PACKAGE_STRING "libmutil 0.8.0"
| #define PACKAGE_BUGREPORT "Erik Eliasson <eliasson@imit.kth.se>"
| #define PACKAGE_URL ""
| #define STDC_HEADERS 1
| #define HAVE_SYS_TYPES_H 1
| #define HAVE_SYS_STAT_H 1
| #define HAVE_STDLIB_H 1
| #define HAVE_STRING_H 1
| #define HAVE_MEMORY_H 1
| #define HAVE_STRINGS_H 1
| #define HAVE_INTTYPES_H 1
| #define HAVE_STDINT_H 1
| #define HAVE_UNISTD_H 1
| #define PACKAGE "libmutil"
| #define VERSION "0.8.0"
| #define USE_STL /**/
| #define HAVE_VERSION_H 1
| #define VERSION PACKAGE_VERSION_FULL
| #define PACKAGE_VERSION PACKAGE_VERSION_FULL
| #define PACKAGE_STRING PACKAGE_STRING_FULL
| #define HAVE_DLFCN_H 1
| #define LT_OBJDIR ".libs/"
| /* end confdefs.h.  */
| /* Define shl_load to an innocuous variant, in case <limits.h> declares shl_load.
|    For example, HP-UX 11i <limits.h> declares gettimeofday.  */
| #define shl_load innocuous_shl_load
| 
| /* System header to define __stub macros and hopefully few prototypes,
|     which can conflict with char shl_load (); below.
|     Prefer <limits.h> to <assert.h> if __STDC__ is defined, since
|     <limits.h> exists even on freestanding compilers.  */
| 
| #ifdef __STDC__
| # include <limits.h>
| #else
| # include <assert.h>
| #endif
| 
| #undef shl_load
| 
| /* Override any GCC internal prototype to avoid an error.
|    Use char because int might match the return type of a GCC
|    builtin and then its argument prototype would still apply.  */
| #ifdef __cplusplus
| extern "C"
| #endif
| char shl_load ();
| /* The GNU C library defines this for functions which it implements
|     to always fail with ENOSYS.  Some functions are actually named
|     something starting with __ and the normal name is an alias.  */
| #if defined __stub_shl_load || defined __stub___shl_load
| choke me
| #endif
| 
| int
| main ()
| {
| return shl_load ();
|   ;
|   return 0;
| }
configure:13891: result: no
configure:13895: checking for shl_load in -ldld
configure:13920: gcc -o conftest -g -O2   conftest.c -ldld   >&5
conftest.c:22: warning: "VERSION" redefined
   22 | #define VERSION PACKAGE_VERSION_FULL
      | 
conftest.c:19: note: this is the location of the previous definition
   19 | #define VERSION "0.8.0"
      | 
conftest.c:23: warning: "PACKAGE_VERSION" redefined
   23 | #define PACKAGE_VERSION PACKAGE_VERSION_FULL
      | 
conftest.c:4: note: this is the location of the previous definition
    4 | #define PACKAGE_VERSION "0.8.0"
      | 
conftest.c:24: warning: "PACKAGE_STRING" redefined
   24 | #define PACKAGE_STRING PACKAGE_STRING_FULL
      | 
conftest.c:5: note: this is the location of the previous definition
    5 | #define PACKAGE_STRING "libmutil 0.8.0"
      | 
/usr/bin/ld: cannot find -ldld
collect2: error: ld returned 1 exit status
configure:13920: $? = 1
configure: failed program was:
| /* confdefs.h */
| #define PACKAGE_NAME "libmutil"
| #define PACKAGE_TARNAME "libmutil"
| #define PACKAGE_VERSION "0.8.0"
| #define PACKAGE_STRING "libmutil 0.8.0"
| #define PACKAGE_BUGREPORT "Erik Eliasson <eliasson@imit.kth.se>"
| #define PACKAGE_URL ""
| #define STDC_HEADERS 1
| #define HAVE_SYS_TYPES_H 1
| #define HAVE_SYS_STAT_H 1
| #define HAVE_STDLIB_H 1
| #define HAVE_STRING_H 1
| #define HAVE_MEMORY_H 1
| #define HAVE_STRINGS_H 1
| #define HAVE_INTTYPES_H 1
| #define HAVE_STDINT_H 1
| #define HAVE_UNISTD_H 1
| #define PACKAGE "libmutil"
| #define VERSION "0.8.0"
| #define USE_STL /**/
| #define HAVE_VERSION_H 1
| #define VERSION PACKAGE_VERSION_FULL
| #define PACKAGE_VERSION PACKAGE_VERSION_FULL
| #define PACKAGE_STRING PACKAGE_STRING_FULL
| #define HAVE_DLFCN_H 1
| #define LT_OBJDIR ".libs/"
| /* end confdefs.h.  */
| 
| /* Override any GCC internal prototype to avoid an error.
|    Use char because int might match the return type of a GCC
|    builtin and then its argument prototype would still apply.  */
| #ifdef __cplusplus
| extern "C"
| #endif
| char shl_load ();
| int
| main ()
| {
| return shl_load ();
|   ;
|   return 0;
| }
configure:13929: result: no
configure:13934: checking for dlopen
configure:13934: gcc -o conftest -g -O2   conftest.c  >&5
conftest.c:22: warning: "VERSION" redefined
   22 | #define VERSION PACKAGE_VERSION_FULL
      | 
conftest.c:19: note: this is the location of the previous definition
   19 | #define VERSION "0.8.0"
      | 
conftest.c:23: warning: "PACKAGE_VERSION" redefined
   23 | #define PACKAGE_VERSION PACKAGE_VERSION_FULL
      | 
conftest.c:4: note: this is the location of the previous definition
    4 | #define PACKAGE_VERSION "0.8.0"
      | 
conftest.c:24: warning: "PACKAGE_STRING" redefined
   24 | #define PACKAGE_STRING PACKAGE_STRING_FULL
      | 
conftest.c:5: note: this is the location of the previous definition
    5 | #define PACKAGE_STRING "libmutil 0.8.0"
      | 
/usr/bin/ld: /tmp/cc5msiN1.o: in function `main':
/home/robin/data/minisip/libmutil/conftest.c:62: undefined reference to `dlopen'
collect2: error: ld returned 1 exit status
configure:13934: $? = 1
configure: failed program was:
| /* confdefs.h */
| #define PACKAGE_NAME "libmutil"
| #define PACKAGE_TARNAME "libmutil"
| #define PACKAGE_VERSION "0.8.0"
| #define PACKAGE_STRING "libmutil 0.8.0"
| #define PACKAGE_BUGREPORT "Erik Eliasson <eliasson@imit.kth.se>"
| #define PACKAGE_URL ""
| #define STDC_HEADERS 1
| #define HAVE_SYS_TYPES_H 1
| #define HAVE_SYS_STAT_H 1
| #define HAVE_STDLIB_H 1
| #define HAVE_STRING_H 1
| #define HAVE_MEMORY_H 1
| #define HAVE_STRINGS_H 1
| #define HAVE_INTTYPES_H 1
| #define HAVE_STDINT_H 1
| #define HAVE_UNISTD_H 1
| #define PACKAGE "libmutil"
| #define VERSION "0.8.0"
| #define USE_STL /**/
| #define HAVE_VERSION_H 1
| #define VERSION PACKAGE_VERSION_FULL
| #define PACKAGE_VERSION PACKAGE_VERSION_FULL
| #define PACKAGE_STRING PACKAGE_STRING_FULL
| #define HAVE_DLFCN_H 1
| #define LT_OBJDIR ".libs/"
| /* end confdefs.h.  */
| /* Define dlopen to an innocuous variant, in case <limits.h> declares dlopen.
|    For example, HP-UX 11i <limits.h> declares gettimeofday.  */
| #define dlopen innocuous_dlopen
| 
| /* System header to define __stub macros and hopefully few prototypes,
|     which can conflict with char dlopen (); below.
|     Prefer <limits.h> to <assert.h> if __STDC__ is defined, since
|     <limits.h> exists even on freestanding compilers.  */
| 
| #ifdef __STDC__
| # include <limits.h>
| #else
| # include <assert.h>
| #endif
| 
| #undef dlopen
| 
| /* Override any GCC internal prototype to avoid an error.
|    Use char because int might match the return type of a GCC
|    builtin and then its argument prototype would still apply.  */
| #ifdef __cplusplus
| extern "C"
| #endif
| char dlopen ();
| /* The GNU C library defines this for functions which it implements
|     to always fail with ENOSYS.  Some functions are actually named
|     something starting with __ and the normal name is an alias.  */
| #if defined __stub_dlopen || defined __stub___dlopen
| choke me
| #endif
| 
| int
| main ()
| {
| return dlopen ();
|   ;
|   return 0;
| }
configure:13934: result: no
configure:13938: checking for dlopen in -ldl
configure:13963: gcc -o conftest -g -O2   conftest.c -ldl   >&5
conftest.c:22: warning: "VERSION" redefined
   22 | #define VERSION PACKAGE_VERSION_FULL
      | 
conftest.c:19: note: this is the location of the previous definition
   19 | #define VERSION "0.8.0"
      | 
conftest.c:23: warning: "PACKAGE_VERSION" redefined
   23 | #define PACKAGE_VERSION PACKAGE_VERSION_FULL
      | 
conftest.c:4: note: this is the location of the previous definition
    4 | #define PACKAGE_VERSION "0.8.0"
      | 
conftest.c:24: warning: "PACKAGE_STRING" redefined
   24 | #define PACKAGE_STRING PACKAGE_STRING_FULL
      | 
conftest.c:5: note: this is the location of the previous definition
    5 | #define PACKAGE_STRING "libmutil 0.8.0"
      | 
configure:13963: $? = 0
configure:13972: result: yes
configure:14091: checking whether a program can dlopen itself
configure:14171: gcc -o conftest -g -O2  -DHAVE_DLFCN_H  -Wl,--export-dynamic conftest.c -ldl  >&5
In file included from configure:14101:
confdefs.h:22: warning: "VERSION" redefined
   22 | #define VERSION PACKAGE_VERSION_FULL
      | 
confdefs.h:19: note: this is the location of the previous definition
   19 | #define VERSION "0.8.0"
      | 
confdefs.h:23: warning: "PACKAGE_VERSION" redefined
   23 | #define PACKAGE_VERSION PACKAGE_VERSION_FULL
      | 
confdefs.h:4: note: this is the location of the previous definition
    4 | #define PACKAGE_VERSION "0.8.0"
      | 
confdefs.h:24: warning: "PACKAGE_STRING" redefined
   24 | #define PACKAGE_STRING PACKAGE_STRING_FULL
      | 
confdefs.h:5: note: this is the location of the previous definition
    5 | #define PACKAGE_STRING "libmutil 0.8.0"
      | 
configure:14174: $? = 0
configure:14192: result: yes
configure:14197: checking whether a statically linked program can dlopen itself
configure:14277: gcc -o conftest -g -O2  -DHAVE_DLFCN_H  -Wl,--export-dynamic -static conftest.c -ldl  >&5
In file included from configure:14207:
confdefs.h:22: warning: "VERSION" redefined
   22 | #define VERSION PACKAGE_VERSION_FULL
      | 
confdefs.h:19: note: this is the location of the previous definition
   19 | #define VERSION "0.8.0"
      | 
confdefs.h:23: warning: "PACKAGE_VERSION" redefined
   23 | #define PACKAGE_VERSION PACKAGE_VERSION_FULL
      | 
confdefs.h:4: note: this is the location of the previous definition
    4 | #define PACKAGE_VERSION "0.8.0"
      | 
confdefs.h:24: warning: "PACKAGE_STRING" redefined
   24 | #define PACKAGE_STRING PACKAGE_STRING_FULL
      | 
confdefs.h:5: note: this is the location of the previous definition
    5 | #define PACKAGE_STRING "libmutil 0.8.0"
      | 
/usr/bin/ld: /tmp/ccouGshL.o: in function `main':
/home/robin/data/minisip/libmutil/configure:14256: warning: Using 'dlopen' in statically linked applications requires at runtime the shared libraries from the glibc version used for linking
configure:14280: $? = 0
conftest: undefined symbol: _fnord
configure:14298: result: no
configure:14337: checking whether stripping libraries is possible
configure:14342: result: yes
configure:14377: checking if libtool supports shared libraries
configure:14379: result: yes
configure:14382: checking whether to build shared libraries
configure:14407: result: yes
configure:14410: checking whether to build static libraries
configure:14414: result: yes
configure:11213: checking how to run the C++ preprocessor
configure:11240: g++ -E  conftest.cpp
conftest.cpp:22: warning: "VERSION" redefined
   22 | #define VERSION PACKAGE_VERSION_FULL
      | 
conftest.cpp:19: note: this is the location of the previous definition
   19 | #define VERSION "0.8.0"
      | 
conftest.cpp:23: warning: "PACKAGE_VERSION" redefined
   23 | #define PACKAGE_VERSION PACKAGE_VERSION_FULL
      | 
conftest.cpp:4: note: this is the location of the previous definition
    4 | #define PACKAGE_VERSION "0.8.0"
      | 
conftest.cpp:24: warning: "PACKAGE_STRING" redefined
   24 | #define PACKAGE_STRING PACKAGE_STRING_FULL
      | 
conftest.cpp:5: note: this is the location of the previous definition
    5 | #define PACKAGE_STRING "libmutil 0.8.0"
      | 
configure:11240: $? = 0
configure:11254: g++ -E  conftest.cpp
conftest.cpp:22: warning: "VERSION" redefined
   22 | #define VERSION PACKAGE_VERSION_FULL
      | 
conftest.cpp:19: note: this is the location of the previous definition
   19 | #define VERSION "0.8.0"
      | 
conftest.cpp:23: warning: "PACKAGE_VERSION" redefined
   23 | #define PACKAGE_VERSION PACKAGE_VERSION_FULL
      | 
conftest.cpp:4: note: this is the location of the previous definition
    4 | #define PACKAGE_VERSION "0.8.0"
      | 
conftest.cpp:24: warning: "PACKAGE_STRING" redefined
   24 | #define PACKAGE_STRING PACKAGE_STRING_FULL
      | 
conftest.cpp:5: note: this is the location of the previous definition
    5 | #define PACKAGE_STRING "libmutil 0.8.0"
      | 
conftest.cpp:28:10: fatal error: ac_nonexistent.h: No such file or directory
   28 | #include <ac_nonexistent.h>
      |          ^~~~~~~~~~~~~~~~~~
compilation terminated.
configure:11254: $? = 1
configure: failed program was:
| /* confdefs.h */
| #define PACKAGE_NAME "libmutil"
| #define PACKAGE_TARNAME "libmutil"
| #define PACKAGE_VERSION "0.8.0"
| #define PACKAGE_STRING "libmutil 0.8.0"
| #define PACKAGE_BUGREPORT "Erik Eliasson <eliasson@imit.kth.se>"
| #define PACKAGE_URL ""
| #define STDC_HEADERS 1
| #define HAVE_SYS_TYPES_H 1
| #define HAVE_SYS_STAT_H 1
| #define HAVE_STDLIB_H 1
| #define HAVE_STRING_H 1
| #define HAVE_MEMORY_H 1
| #define HAVE_STRINGS_H 1
| #define HAVE_INTTYPES_H 1
| #define HAVE_STDINT_H 1
| #define HAVE_UNISTD_H 1
| #define PACKAGE "libmutil"
| #define VERSION "0.8.0"
| #define USE_STL /**/
| #define HAVE_VERSION_H 1
| #define VERSION PACKAGE_VERSION_FULL
| #define PACKAGE_VERSION PACKAGE_VERSION_FULL
| #define PACKAGE_STRING PACKAGE_STRING_FULL
| #define HAVE_DLFCN_H 1
| #define LT_OBJDIR ".libs/"
| /* end confdefs.h.  */
| #include <ac_nonexistent.h>
configure:11279: result: g++ -E
configure:11299: g++ -E  conftest.cpp
conftest.cpp:22: warning: "VERSION" redefined
   22 | #define VERSION PACKAGE_VERSION_FULL
      | 
conftest.cpp:19: note: this is the location of the previous definition
   19 | #define VERSION "0.8.0"
      | 
conftest.cpp:23: warning: "PACKAGE_VERSION" redefined
   23 | #define PACKAGE_VERSION PACKAGE_VERSION_FULL
      | 
conftest.cpp:4: note: this is the location of the previous definition
    4 | #define PACKAGE_VERSION "0.8.0"
      | 
conftest.cpp:24: warning: "PACKAGE_STRING" redefined
   24 | #define PACKAGE_STRING PACKAGE_STRING_FULL
      | 
conftest.cpp:5: note: this is the location of the previous definition
    5 | #define PACKAGE_STRING "libmutil 0.8.0"
      | 
configure:11299: $? = 0
configure:11313: g++ -E  conftest.cpp
conftest.cpp:22: warning: "VERSION" redefined
   22 | #define VERSION PACKAGE_VERSION_FULL
      | 
conftest.cpp:19: note: this is the location of the previous definition
   19 | #define VERSION "0.8.0"
      | 
conftest.cpp:23: warning: "PACKAGE_VERSION" redefined
   23 | #define PACKAGE_VERSION PACKAGE_VERSION_FULL
      | 
conftest.cpp:4: note: this is the location of the previous definition
    4 | #define PACKAGE_VERSION "0.8.0"
      | 
conftest.cpp:24: warning: "PACKAGE_STRING" redefined
   24 | #define PACKAGE_STRING PACKAGE_STRING_FULL
      | 
conftest.cpp:5: note: this is the location of the previous definition
    5 | #define PACKAGE_STRING "libmutil 0.8.0"
      | 
conftest.cpp:28:10: fatal error: ac_nonexistent.h: No such file or directory
   28 | #include <ac_nonexistent.h>
      |          ^~~~~~~~~~~~~~~~~~
compilation terminated.
configure:11313: $? = 1
configure: failed program was:
| /* confdefs.h */
| #define PACKAGE_NAME "libmutil"
| #define PACKAGE_TARNAME "libmutil"
| #define PACKAGE_VERSION "0.8.0"
| #define PACKAGE_STRING "libmutil 0.8.0"
| #define PACKAGE_BUGREPORT "Erik Eliasson <eliasson@imit.kth.se>"
| #define PACKAGE_URL ""
| #define STDC_HEADERS 1
| #define HAVE_SYS_TYPES_H 1
| #define HAVE_SYS_STAT_H 1
| #define HAVE_STDLIB_H 1
| #define HAVE_STRING_H 1
| #define HAVE_MEMORY_H 1
| #define HAVE_STRINGS_H 1
| #define HAVE_INTTYPES_H 1
| #define HAVE_STDINT_H 1
| #define HAVE_UNISTD_H 1
| #define PACKAGE "libmutil"
| #define VERSION "0.8.0"
| #define USE_STL /**/
| #define HAVE_VERSION_H 1
| #define VERSION PACKAGE_VERSION_FULL
| #define PACKAGE_VERSION PACKAGE_VERSION_FULL
| #define PACKAGE_STRING PACKAGE_STRING_FULL
| #define HAVE_DLFCN_H 1
| #define LT_OBJDIR ".libs/"
| /* end confdefs.h.  */
| #include <ac_nonexistent.h>
configure:11475: checking for ld used by g++
configure:11542: result: /usr/bin/ld -m elf_x86_64
configure:11549: checking if the linker (/usr/bin/ld -m elf_x86_64) is GNU ld
configure:11564: result: yes
configure:11619: checking whether the g++ linker (/usr/bin/ld -m elf_x86_64) supports shared libraries
configure:12692: result: yes
configure:12728: g++ -c -g -O2  conftest.cpp >&5
configure:12731: $? = 0
configure:13212: checking for g++ option to produce PIC
configure:13219: result: -fPIC -DPIC
configure:13227: checking if g++ PIC flag -fPIC -DPIC works
configure:13245: g++ -c -g -O2  -fPIC -DPIC -DPIC conftest.cpp >&5
configure:13249: $? = 0
configure:13262: result: yes
configure:13285: checking if g++ static flag -static works
configure:13313: result: yes
configure:13325: checking if g++ supports -c -o file.o
configure:13346: g++ -c -g -O2  -o out/conftest2.o conftest.cpp >&5
configure:13350: $? = 0
configure:13372: result: yes
configure:13377: checking if g++ supports -c -o file.o
configure:13424: result: yes
configure:13454: checking whether the g++ linker (/usr/bin/ld -m elf_x86_64) supports shared libraries
configure:13497: result: yes
configure:13638: checking dynamic linker characteristics
configure:14395: result: GNU/Linux ld.so
configure:14460: checking how to hardcode library paths into programs
configure:14485: result: immediate
configure:13631: checking for pthread_attr_init in -lpthread
configure:13656: g++ -o conftest -g -O2   conftest.cpp -lpthread   >&5
conftest.cpp:22: warning: "VERSION" redefined
   22 | #define VERSION PACKAGE_VERSION_FULL
      | 
conftest.cpp:19: note: this is the location of the previous definition
   19 | #define VERSION "0.8.0"
      | 
conftest.cpp:23: warning: "PACKAGE_VERSION" redefined
   23 | #define PACKAGE_VERSION PACKAGE_VERSION_FULL
      | 
conftest.cpp:4: note: this is the location of the previous definition
    4 | #define PACKAGE_VERSION "0.8.0"
      | 
conftest.cpp:24: warning: "PACKAGE_STRING" redefined
   24 | #define PACKAGE_STRING PACKAGE_STRING_FULL
      | 
conftest.cpp:5: note: this is the location of the previous definition
    5 | #define PACKAGE_STRING "libmutil 0.8.0"
      | 
configure:13656: $? = 0
configure:13665: result: yes
configure:13681: checking pthread.h usability
configure:13681: g++ -c -g -O2  conftest.cpp >&5
conftest.cpp:22: warning: "VERSION" redefined
   22 | #define VERSION PACKAGE_VERSION_FULL
      | 
conftest.cpp:19: note: this is the location of the previous definition
   19 | #define VERSION "0.8.0"
      | 
conftest.cpp:23: warning: "PACKAGE_VERSION" redefined
   23 | #define PACKAGE_VERSION PACKAGE_VERSION_FULL
      | 
conftest.cpp:4: note: this is the location of the previous definition
    4 | #define PACKAGE_VERSION "0.8.0"
      | 
conftest.cpp:24: warning: "PACKAGE_STRING" redefined
   24 | #define PACKAGE_STRING PACKAGE_STRING_FULL
      | 
conftest.cpp:5: note: this is the location of the previous definition
    5 | #define PACKAGE_STRING "libmutil 0.8.0"
      | 
configure:13681: $? = 0
configure:13681: result: yes
configure:13681: checking pthread.h presence
configure:13681: g++ -E  conftest.cpp
conftest.cpp:22: warning: "VERSION" redefined
   22 | #define VERSION PACKAGE_VERSION_FULL
      | 
conftest.cpp:19: note: this is the location of the previous definition
   19 | #define VERSION "0.8.0"
      | 
conftest.cpp:23: warning: "PACKAGE_VERSION" redefined
   23 | #define PACKAGE_VERSION PACKAGE_VERSION_FULL
      | 
conftest.cpp:4: note: this is the location of the previous definition
    4 | #define PACKAGE_VERSION "0.8.0"
      | 
conftest.cpp:24: warning: "PACKAGE_STRING" redefined
   24 | #define PACKAGE_STRING PACKAGE_STRING_FULL
      | 
conftest.cpp:5: note: this is the location of the previous definition
    5 | #define PACKAGE_STRING "libmutil 0.8.0"
      | 
configure:13681: $? = 0
configure:13681: result: yes
configure:13681: checking for pthread.h
configure:13681: result: yes
configure:13681: checking semaphore.h usability
configure:13681: g++ -c -g -O2  conftest.cpp >&5
conftest.cpp:22: warning: "VERSION" redefined
   22 | #define VERSION PACKAGE_VERSION_FULL
      | 
conftest.cpp:19: note: this is the location of the previous definition
   19 | #define VERSION "0.8.0"
      | 
conftest.cpp:23: warning: "PACKAGE_VERSION" redefined
   23 | #define PACKAGE_VERSION PACKAGE_VERSION_FULL
      | 
conftest.cpp:4: note: this is the location of the previous definition
    4 | #define PACKAGE_VERSION "0.8.0"
      | 
conftest.cpp:24: warning: "PACKAGE_STRING" redefined
   24 | #define PACKAGE_STRING PACKAGE_STRING_FULL
      | 
conftest.cpp:5: note: this is the location of the previous definition
    5 | #define PACKAGE_STRING "libmutil 0.8.0"
      | 
configure:13681: $? = 0
configure:13681: result: yes
configure:13681: checking semaphore.h presence
configure:13681: g++ -E  conftest.cpp
conftest.cpp:22: warning: "VERSION" redefined
   22 | #define VERSION PACKAGE_VERSION_FULL
      | 
conftest.cpp:19: note: this is the location of the previous definition
   19 | #define VERSION "0.8.0"
      | 
conftest.cpp:23: warning: "PACKAGE_VERSION" redefined
   23 | #define PACKAGE_VERSION PACKAGE_VERSION_FULL
      | 
conftest.cpp:4: note: this is the location of the previous definition
    4 | #define PACKAGE_VERSION "0.8.0"
      | 
conftest.cpp:24: warning: "PACKAGE_STRING" redefined
   24 | #define PACKAGE_STRING PACKAGE_STRING_FULL
      | 
conftest.cpp:5: note: this is the location of the previous definition
    5 | #define PACKAGE_STRING "libmutil 0.8.0"
      | 
configure:13681: $? = 0
configure:13681: result: yes
configure:13681: checking for semaphore.h
configure:13681: result: yes
configure:13729: checking for dlopen in -ldl
configure:13763: result: yes
configure:13775: checking execinfo.h usability
configure:13775: g++ -c -g -O2  conftest.cpp >&5
conftest.cpp:22: warning: "VERSION" redefined
   22 | #define VERSION PACKAGE_VERSION_FULL
      | 
conftest.cpp:19: note: this is the location of the previous definition
   19 | #define VERSION "0.8.0"
      | 
conftest.cpp:23: warning: "PACKAGE_VERSION" redefined
   23 | #define PACKAGE_VERSION PACKAGE_VERSION_FULL
      | 
conftest.cpp:4: note: this is the location of the previous definition
    4 | #define PACKAGE_VERSION "0.8.0"
      | 
conftest.cpp:24: warning: "PACKAGE_STRING" redefined
   24 | #define PACKAGE_STRING PACKAGE_STRING_FULL
      | 
conftest.cpp:5: note: this is the location of the previous definition
    5 | #define PACKAGE_STRING "libmutil 0.8.0"
      | 
configure:13775: $? = 0
configure:13775: result: yes
configure:13775: checking execinfo.h presence
configure:13775: g++ -E  conftest.cpp
conftest.cpp:22: warning: "VERSION" redefined
   22 | #define VERSION PACKAGE_VERSION_FULL
      | 
conftest.cpp:19: note: this is the location of the previous definition
   19 | #define VERSION "0.8.0"
      | 
conftest.cpp:23: warning: "PACKAGE_VERSION" redefined
   23 | #define PACKAGE_VERSION PACKAGE_VERSION_FULL
      | 
conftest.cpp:4: note: this is the location of the previous definition
    4 | #define PACKAGE_VERSION "0.8.0"
      | 
conftest.cpp:24: warning: "PACKAGE_STRING" redefined
   24 | #define PACKAGE_STRING PACKAGE_STRING_FULL
      | 
conftest.cpp:5: note: this is the location of the previous definition
    5 | #define PACKAGE_STRING "libmutil 0.8.0"
      | 
configure:13775: $? = 0
configure:13775: result: yes
configure:13775: checking for execinfo.h
configure:13775: result: yes
configure:13797: checking for ANSI C header files
configure:13901: result: yes
configure:13912: checking malloc.h usability
configure:13912: g++ -c -g -O2  conftest.cpp >&5
conftest.cpp:22: warning: "VERSION" redefined
   22 | #define VERSION PACKAGE_VERSION_FULL
      | 
conftest.cpp:19: note: this is the location of the previous definition
   19 | #define VERSION "0.8.0"
      | 
conftest.cpp:23: warning: "PACKAGE_VERSION" redefined
   23 | #define PACKAGE_VERSION PACKAGE_VERSION_FULL
      | 
conftest.cpp:4: note: this is the location of the previous definition
    4 | #define PACKAGE_VERSION "0.8.0"
      | 
conftest.cpp:24: warning: "PACKAGE_STRING" redefined
   24 | #define PACKAGE_STRING PACKAGE_STRING_FULL
      | 
conftest.cpp:5: note: this is the location of the previous definition
    5 | #define PACKAGE_STRING "libmutil 0.8.0"
      | 
configure:13912: $? = 0
configure:13912: result: yes
configure:13912: checking malloc.h presence
configure:13912: g++ -E  conftest.cpp
conftest.cpp:22: warning: "VERSION" redefined
   22 | #define VERSION PACKAGE_VERSION_FULL
      | 
conftest.cpp:19: note: this is the location of the previous definition
   19 | #define VERSION "0.8.0"
      | 
conftest.cpp:23: warning: "PACKAGE_VERSION" redefined
   23 | #define PACKAGE_VERSION PACKAGE_VERSION_FULL
      | 
conftest.cpp:4: note: this is the location of the previous definition
    4 | #define PACKAGE_VERSION "0.8.0"
      | 
conftest.cpp:24: warning: "PACKAGE_STRING" redefined
   24 | #define PACKAGE_STRING PACKAGE_STRING_FULL
      | 
conftest.cpp:5: note: this is the location of the previous definition
    5 | #define PACKAGE_STRING "libmutil 0.8.0"
      | 
configure:13912: $? = 0
configure:13912: result: yes
configure:13912: checking for malloc.h
configure:13912: result: yes
configure:13912: checking for stdlib.h
configure:13912: result: yes
configure:13912: checking for string.h
configure:13912: result: yes
configure:13912: checking for unistd.h
configure:13912: result: yes
configure:13912: checking for pthread.h
configure:13912: result: yes
configure:13912: checking termios.h usability
configure:13912: g++ -c -g -O2  conftest.cpp >&5
conftest.cpp:22: warning: "VERSION" redefined
   22 | #define VERSION PACKAGE_VERSION_FULL
      | 
conftest.cpp:19: note: this is the location of the previous definition
   19 | #define VERSION "0.8.0"
      | 
conftest.cpp:23: warning: "PACKAGE_VERSION" redefined
   23 | #define PACKAGE_VERSION PACKAGE_VERSION_FULL
      | 
conftest.cpp:4: note: this is the location of the previous definition
    4 | #define PACKAGE_VERSION "0.8.0"
      | 
conftest.cpp:24: warning: "PACKAGE_STRING" redefined
   24 | #define PACKAGE_STRING PACKAGE_STRING_FULL
      | 
conftest.cpp:5: note: this is the location of the previous definition
    5 | #define PACKAGE_STRING "libmutil 0.8.0"
      | 
configure:13912: $? = 0
configure:13912: result: yes
configure:13912: checking termios.h presence
configure:13912: g++ -E  conftest.cpp
conftest.cpp:22: warning: "VERSION" redefined
   22 | #define VERSION PACKAGE_VERSION_FULL
      | 
conftest.cpp:19: note: this is the location of the previous definition
   19 | #define VERSION "0.8.0"
      | 
conftest.cpp:23: warning: "PACKAGE_VERSION" redefined
   23 | #define PACKAGE_VERSION PACKAGE_VERSION_FULL
      | 
conftest.cpp:4: note: this is the location of the previous definition
    4 | #define PACKAGE_VERSION "0.8.0"
      | 
conftest.cpp:24: warning: "PACKAGE_STRING" redefined
   24 | #define PACKAGE_STRING PACKAGE_STRING_FULL
      | 
conftest.cpp:5: note: this is the location of the previous definition
    5 | #define PACKAGE_STRING "libmutil 0.8.0"
      | 
configure:13912: $? = 0
configure:13912: result: yes
configure:13912: checking for termios.h
configure:13912: result: yes
configure:13912: checking for semaphore.h
configure:13912: result: yes
configure:13923: checking for an ANSI C-conforming const
configure:13989: g++ -c -g -O2  conftest.cpp >&5
conftest.cpp:22: warning: "VERSION" redefined
   22 | #define VERSION PACKAGE_VERSION_FULL
      | 
conftest.cpp:19: note: this is the location of the previous definition
   19 | #define VERSION "0.8.0"
      | 
conftest.cpp:23: warning: "PACKAGE_VERSION" redefined
   23 | #define PACKAGE_VERSION PACKAGE_VERSION_FULL
      | 
conftest.cpp:4: note: this is the location of the previous definition
    4 | #define PACKAGE_VERSION "0.8.0"
      | 
conftest.cpp:24: warning: "PACKAGE_STRING" redefined
   24 | #define PACKAGE_STRING PACKAGE_STRING_FULL
      | 
conftest.cpp:5: note: this is the location of the previous definition
    5 | #define PACKAGE_STRING "libmutil 0.8.0"
      | 
configure:13989: $? = 0
configure:13996: result: yes
configure:14004: checking whether time.h and sys/time.h may both be included
configure:14024: g++ -c -g -O2  conftest.cpp >&5
conftest.cpp:22: warning: "VERSION" redefined
   22 | #define VERSION PACKAGE_VERSION_FULL
      | 
conftest.cpp:19: note: this is the location of the previous definition
   19 | #define VERSION "0.8.0"
      | 
conftest.cpp:23: warning: "PACKAGE_VERSION" redefined
   23 | #define PACKAGE_VERSION PACKAGE_VERSION_FULL
      | 
conftest.cpp:4: note: this is the location of the previous definition
    4 | #define PACKAGE_VERSION "0.8.0"
      | 
conftest.cpp:24: warning: "PACKAGE_STRING" redefined
   24 | #define PACKAGE_STRING PACKAGE_STRING_FULL
      | 
conftest.cpp:5: note: this is the location of the previous definition
    5 | #define PACKAGE_STRING "libmutil 0.8.0"
      | 
configure:14024: $? = 0
configure:14031: result: yes
configure:14040: checking whether time.h and sys/time.h may both be included
configure:14067: result: yes
configure:14075: checking for struct timezone
configure:14075: g++ -c -g -O2  conftest.cpp >&5
conftest.cpp:22: warning: "VERSION" redefined
   22 | #define VERSION PACKAGE_VERSION_FULL
      | 
conftest.cpp:19: note: this is the location of the previous definition
   19 | #define VERSION "0.8.0"
      | 
conftest.cpp:23: warning: "PACKAGE_VERSION" redefined
   23 | #define PACKAGE_VERSION PACKAGE_VERSION_FULL
      | 
conftest.cpp:4: note: this is the location of the previous definition
    4 | #define PACKAGE_VERSION "0.8.0"
      | 
conftest.cpp:24: warning: "PACKAGE_STRING" redefined
   24 | #define PACKAGE_STRING PACKAGE_STRING_FULL
      | 
conftest.cpp:5: note: this is the location of the previous definition
    5 | #define PACKAGE_STRING "libmutil 0.8.0"
      | 
configure:14075: $? = 0
configure:14075: g++ -c -g -O2  conftest.cpp >&5
conftest.cpp:22: warning: "VERSION" redefined
   22 | #define VERSION PACKAGE_VERSION_FULL
      | 
conftest.cpp:19: note: this is the location of the previous definition
   19 | #define VERSION "0.8.0"
      | 
conftest.cpp:23: warning: "PACKAGE_VERSION" redefined
   23 | #define PACKAGE_VERSION PACKAGE_VERSION_FULL
      | 
conftest.cpp:4: note: this is the location of the previous definition
    4 | #define PACKAGE_VERSION "0.8.0"
      | 
conftest.cpp:24: warning: "PACKAGE_STRING" redefined
   24 | #define PACKAGE_STRING PACKAGE_STRING_FULL
      | 
conftest.cpp:5: note: this is the location of the previous definition
    5 | #define PACKAGE_STRING "libmutil 0.8.0"
      | 
conftest.cpp: In function 'int main()':
conftest.cpp:58:14: error: expected primary-expression before 'struct'
   58 | if (sizeof ((struct timezone)))
      |              ^~~~~~
conftest.cpp:58:14: error: expected ')' before 'struct'
   58 | if (sizeof ((struct timezone)))
      |             ~^~~~~~
      |              )
conftest.cpp:59:14: error: expected ')' before ';' token
   59 |      return 0;
      |              ^
      |              )
conftest.cpp:58:12: note: to match this '('
   58 | if (sizeof ((struct timezone)))
      |            ^
conftest.cpp:59:14: error: expected ')' before ';' token
   59 |      return 0;
      |              ^
      |              )
conftest.cpp:58:4: note: to match this '('
   58 | if (sizeof ((struct timezone)))
      |    ^
configure:14075: $? = 1
configure: failed program was:
| /* confdefs.h */
| #define PACKAGE_NAME "libmutil"
| #define PACKAGE_TARNAME "libmutil"
| #define PACKAGE_VERSION "0.8.0"
| #define PACKAGE_STRING "libmutil 0.8.0"
| #define PACKAGE_BUGREPORT "Erik Eliasson <eliasson@imit.kth.se>"
| #define PACKAGE_URL ""
| #define STDC_HEADERS 1
| #define HAVE_SYS_TYPES_H 1
| #define HAVE_SYS_STAT_H 1
| #define HAVE_STDLIB_H 1
| #define HAVE_STRING_H 1
| #define HAVE_MEMORY_H 1
| #define HAVE_STRINGS_H 1
| #define HAVE_INTTYPES_H 1
| #define HAVE_STDINT_H 1
| #define HAVE_UNISTD_H 1
| #define PACKAGE "libmutil"
| #define VERSION "0.8.0"
| #define USE_STL /**/
| #define HAVE_VERSION_H 1
| #define VERSION PACKAGE_VERSION_FULL
| #define PACKAGE_VERSION PACKAGE_VERSION_FULL
| #define PACKAGE_STRING PACKAGE_STRING_FULL
| #define HAVE_DLFCN_H 1
| #define LT_OBJDIR ".libs/"
| #define HAVE_LIBPTHREAD 1
| #define HAVE_PTHREAD_H 1
| #define HAVE_SEMAPHORE_H 1
| #define HAVE_LIBDL 1
| #define HAVE_EXECINFO_H /**/
| #define STDC_HEADERS 1
| #define HAVE_MALLOC_H 1
| #define HAVE_STDLIB_H 1
| #define HAVE_STRING_H 1
| #define HAVE_UNISTD_H 1
| #define HAVE_PTHREAD_H 1
| #define HAVE_TERMIOS_H 1
| #define HAVE_SEMAPHORE_H 1
| #define TIME_WITH_SYS_TIME 1
| #define TIME_WITH_SYS_TIME 1
| /* end confdefs.h.  */
| #if TIME_WITH_SYS_TIME
| # include <sys/time.h>
| # include <time.h>
| #else
| # if HAVE_SYS_TIME_H
| #  include <sys/time.h>
| # else
| #  include <time.h>
| # endif
| #endif
| 
| 
| int
| main ()
| {
| if (sizeof ((struct timezone)))
| 	    return 0;
|   ;
|   return 0;
| }
configure:14075: result: yes
configure:14094: checking for gettimeofday
configure:14094: g++ -o conftest -g -O2   conftest.cpp -ldl -lpthread  >&5
conftest.cpp:22: warning: "VERSION" redefined
   22 | #define VERSION PACKAGE_VERSION_FULL
      | 
conftest.cpp:19: note: this is the location of the previous definition
   19 | #define VERSION "0.8.0"
      | 
conftest.cpp:23: warning: "PACKAGE_VERSION" redefined
   23 | #define PACKAGE_VERSION PACKAGE_VERSION_FULL
      | 
conftest.cpp:4: note: this is the location of the previous definition
    4 | #define PACKAGE_VERSION "0.8.0"
      | 
conftest.cpp:24: warning: "PACKAGE_STRING" redefined
   24 | #define PACKAGE_STRING PACKAGE_STRING_FULL
      | 
conftest.cpp:5: note: this is the location of the previous definition
    5 | #define PACKAGE_STRING "libmutil 0.8.0"
      | 
configure:14094: $? = 0
configure:14094: result: yes
configure:14232: checking that generated files are newer than configure
configure:14238: result: done
configure:14294: creating ./config.status

## ---------------------- ##
## Running config.status. ##
## ---------------------- ##

This file was extended by libmutil config.status 0.8.0, which was
generated by GNU Autoconf 2.69.  Invocation command line was

  CONFIG_FILES    = 
  CONFIG_HEADERS  = 
  CONFIG_LINKS    = 
  CONFIG_COMMANDS = 
  $ ./config.status 

on darwin

config.status:1211: creating Makefile
config.status:1211: creating examples/Makefile
config.status:1211: creating include/Makefile
config.status:1211: creating m4/Makefile
config.status:1211: creating win32/Makefile
config.status:1211: creating debian/Makefile
config.status:1211: creating win32/libmutil-res.rc
config.status:1211: creating libmutil.pc
config.status:1211: creating include/compilation_config.h
config.status:1440: executing depfiles commands
config.status:1517: cd .       && sed -e '/# am--include-marker/d' Makefile         | make -f - am--depfiles
config.status:1522: $? = 0
config.status:1440: executing include/version.h commands
config.status:1440: executing libtool commands
configure:16822: === configuring in libltdl (/home/robin/data/minisip/libmutil/libltdl)
configure:16885: running /bin/bash ./configure --disable-option-checking '--prefix=/usr/local'  '--enable-ltdl-convenience' --cache-file=/dev/null --srcdir=.

## ---------------- ##
## Cache variables. ##
## ---------------- ##

ac_cv_build=x86_64-pc-linux-gnu
ac_cv_c_bigendian=no
ac_cv_c_compiler_gnu=yes
ac_cv_c_const=yes
ac_cv_cxx_compiler_gnu=yes
ac_cv_env_CCC_set=
ac_cv_env_CCC_value=
ac_cv_env_CC_set=
ac_cv_env_CC_value=
ac_cv_env_CFLAGS_set=
ac_cv_env_CFLAGS_value=
ac_cv_env_CPPFLAGS_set=
ac_cv_env_CPPFLAGS_value=
ac_cv_env_CPP_set=
ac_cv_env_CPP_value=
ac_cv_env_CXXCPP_set=
ac_cv_env_CXXCPP_value=
ac_cv_env_CXXFLAGS_set=
ac_cv_env_CXXFLAGS_value=
ac_cv_env_CXX_set=
ac_cv_env_CXX_value=
ac_cv_env_LDFLAGS_set=
ac_cv_env_LDFLAGS_value=
ac_cv_env_LIBS_set=
ac_cv_env_LIBS_value=
ac_cv_env_LT_SYS_LIBRARY_PATH_set=
ac_cv_env_LT_SYS_LIBRARY_PATH_value=
ac_cv_env_PKG_CONFIG_LIBDIR_set=
ac_cv_env_PKG_CONFIG_LIBDIR_value=
ac_cv_env_PKG_CONFIG_PATH_set=
ac_cv_env_PKG_CONFIG_PATH_value=
ac_cv_env_PKG_CONFIG_set=
ac_cv_env_PKG_CONFIG_value=
ac_cv_env_build_alias_set=
ac_cv_env_build_alias_value=
ac_cv_env_host_alias_set=
ac_cv_env_host_alias_value=
ac_cv_env_target_alias_set=
ac_cv_env_target_alias_value=
ac_cv_func_dlopen=no
ac_cv_func_gettimeofday=yes
ac_cv_func_shl_load=no
ac_cv_header_dlfcn_h=yes
ac_cv_header_execinfo_h=yes
ac_cv_header_inttypes_h=yes
ac_cv_header_malloc_h=yes
ac_cv_header_memory_h=yes
ac_cv_header_pthread_h=yes
ac_cv_header_semaphore_h=yes
ac_cv_header_stdc=yes
ac_cv_header_stdint_h=yes
ac_cv_header_stdlib_h=yes
ac_cv_header_string_h=yes
ac_cv_header_strings_h=yes
ac_cv_header_sys_stat_h=yes
ac_cv_header_sys_types_h=yes
ac_cv_header_termios_h=yes
ac_cv_header_time=yes
ac_cv_header_unistd_h=yes
ac_cv_host=x86_64-pc-linux-gnu
ac_cv_lib_dl_dlopen=yes
ac_cv_lib_dld_shl_load=no
ac_cv_lib_pthread_pthread_attr_init=yes
ac_cv_objext=o
ac_cv_path_EGREP='/bin/grep -E'
ac_cv_path_FGREP='/bin/grep -F'
ac_cv_path_GREP=/bin/grep
ac_cv_path_SED=/bin/sed
ac_cv_path_ac_pt_PKG_CONFIG=/usr/bin/pkg-config
ac_cv_path_install='/usr/bin/install -c'
ac_cv_path_lt_DD=/bin/dd
ac_cv_path_mkdir=/bin/mkdir
ac_cv_prog_AWK=gawk
ac_cv_prog_CPP='gcc -E'
ac_cv_prog_CXXCPP='g++ -E'
ac_cv_prog_ac_ct_AR=ar
ac_cv_prog_ac_ct_CC=gcc
ac_cv_prog_ac_ct_CXX=g++
ac_cv_prog_ac_ct_DLLTOOL=dlltool
ac_cv_prog_ac_ct_MANIFEST_TOOL=mt
ac_cv_prog_ac_ct_OBJDUMP=objdump
ac_cv_prog_ac_ct_RANLIB=ranlib
ac_cv_prog_ac_ct_STRIP=strip
ac_cv_prog_cc_c89=
ac_cv_prog_cc_g=yes
ac_cv_prog_cxx_g=yes
ac_cv_prog_make_make_set=yes
ac_cv_type_struct_timezone=yes
am_cv_CC_dependencies_compiler_type=gcc3
am_cv_CXX_dependencies_compiler_type=gcc3
am_cv_make_support_nested_variables=yes
am_cv_prog_cc_c_o=yes
lt_cv_ar_at_file=@
lt_cv_archive_cmds_need_lc=no
lt_cv_deplibs_check_method=pass_all
lt_cv_dlopen=dlopen
lt_cv_dlopen_libs=-ldl
lt_cv_dlopen_self=yes
lt_cv_dlopen_self_static=no
lt_cv_file_magic_cmd='$MAGIC_CMD'
lt_cv_file_magic_test_file=
lt_cv_ld_reload_flag=-r
lt_cv_nm_interface='BSD nm'
lt_cv_objdir=.libs
lt_cv_path_LD=/usr/bin/ld
lt_cv_path_LDCXX='/usr/bin/ld -m elf_x86_64'
lt_cv_path_NM='/usr/bin/nm -B'
lt_cv_path_mainfest_tool=no
lt_cv_prog_compiler_c_o=yes
lt_cv_prog_compiler_c_o_CXX=yes
lt_cv_prog_compiler_pic='-fPIC -DPIC'
lt_cv_prog_compiler_pic_CXX='-fPIC -DPIC'
lt_cv_prog_compiler_pic_works=yes
lt_cv_prog_compiler_pic_works_CXX=yes
lt_cv_prog_compiler_rtti_exceptions=no
lt_cv_prog_compiler_static_works=yes
lt_cv_prog_compiler_static_works_CXX=yes
lt_cv_prog_gnu_ld=yes
lt_cv_prog_gnu_ldcxx=yes
lt_cv_sharedlib_from_linklib_cmd='printf %s\n'
lt_cv_shlibpath_overrides_runpath=yes
lt_cv_sys_global_symbol_pipe='sed -n -e '\''s/^.*[	 ]\([ABCDGIRSTW][ABCDGIRSTW]*\)[	 ][	 ]*\([_A-Za-z][_A-Za-z0-9]*\)$/\1 \2 \2/p'\'' | sed '\''/ __gnu_lto/d'\'''
lt_cv_sys_global_symbol_to_c_name_address='sed -n -e '\''s/^: \(.*\) .*$/  {"\1", (void *) 0},/p'\'' -e '\''s/^[ABCDGIRSTW][ABCDGIRSTW]* .* \(.*\)$/  {"\1", (void *) \&\1},/p'\'''
lt_cv_sys_global_symbol_to_c_name_address_lib_prefix='sed -n -e '\''s/^: \(.*\) .*$/  {"\1", (void *) 0},/p'\'' -e '\''s/^[ABCDGIRSTW][ABCDGIRSTW]* .* \(lib.*\)$/  {"\1", (void *) \&\1},/p'\'' -e '\''s/^[ABCDGIRSTW][ABCDGIRSTW]* .* \(.*\)$/  {"lib\1", (void *) \&\1},/p'\'''
lt_cv_sys_global_symbol_to_cdecl='sed -n -e '\''s/^T .* \(.*\)$/extern int \1();/p'\'' -e '\''s/^[ABCDGIRSTW][ABCDGIRSTW]* .* \(.*\)$/extern char \1;/p'\'''
lt_cv_sys_global_symbol_to_import=
lt_cv_sys_max_cmd_len=1572864
lt_cv_to_host_file_cmd=func_convert_file_noop
lt_cv_to_tool_file_cmd=func_convert_file_noop
lt_cv_truncate_bin='/bin/dd bs=4096 count=1'

## ----------------- ##
## Output variables. ##
## ----------------- ##

ACLOCAL='${SHELL} /home/robin/data/minisip/libmutil/config/missing aclocal-1.16'
ACLOCAL_FLAGS=''
AMDEPBACKSLASH='\'
AMDEP_FALSE='#'
AMDEP_TRUE=''
AMTAR='$${TAR-tar}'
AM_BACKSLASH='\'
AM_DEFAULT_V='$(AM_DEFAULT_VERBOSITY)'
AM_DEFAULT_VERBOSITY='1'
AM_V='$(V)'
AR='ar'
AS='as'
AUTOCONF='${SHELL} /home/robin/data/minisip/libmutil/config/missing autoconf'
AUTOHEADER='${SHELL} /home/robin/data/minisip/libmutil/config/missing autoheader'
AUTOMAKE='${SHELL} /home/robin/data/minisip/libmutil/config/missing automake-1.16'
AWK='gawk'
CC='gcc'
CCDEPMODE='depmode=gcc3'
CFLAGS='-g -O2'
CPP='gcc -E'
CPPFLAGS=''
CXX='g++'
CXXCPP='g++ -E'
CXXDEPMODE='depmode=gcc3'
CXXFLAGS='-g -O2'
CYGPATH_W='echo'
DEBUG_FALSE=''
DEBUG_TRUE='#'
DEFS='-DHAVE_CONFIG_H'
DEPDIR='.deps'
DLLTOOL='dlltool'
DSYMUTIL=''
DUMPBIN=''
ECHO_C=''
ECHO_N='-n'
ECHO_T=''
EGREP='/bin/grep -E'
EXEEXT=''
EXTERNAL_CFLAGS=' -DHAVE_STRUCT_TIMEZONE -DHAVE_GETTIMEOFDAY'
FGREP='/bin/grep -F'
GREP='/bin/grep'
HAVE_EXECINFO_H_FALSE=''
HAVE_EXECINFO_H_TRUE='#'
HAVE_PTHREAD_FALSE='#'
HAVE_PTHREAD_TRUE=''
INCLTDL='-I$(top_srcdir)/libltdl'
INSTALL_DATA='${INSTALL} -m 644'
INSTALL_PROGRAM='${INSTALL}'
INSTALL_SCRIPT='${INSTALL}'
INSTALL_STRIP_PROGRAM='$(install_sh) -c -s'
LD='/usr/bin/ld -m elf_x86_64'
LDFLAGS=''
LIBLTDL='$(top_build_prefix)libltdl/libltdlc.la'
LIBOBJS=''
LIBS='-ldl -lpthread '
LIBTOOL='$(SHELL) $(top_builddir)/libtool'
LIPO=''
LN_S='ln -s'
LTDLDEPS='$(top_build_prefix)libltdl/libltdlc.la'
LTDLINCL='-I$(top_srcdir)/libltdl'
LTLIBOBJS=''
LT_CURRENT_MINUS_AGE='0'
LT_SYS_LIBRARY_PATH=''
LT_VERSION_INFO='0:0:0'
MAINT='#'
MAINTAINER_MODE_FALSE=''
MAINTAINER_MODE_TRUE='#'
MAKEINFO='${SHELL} /home/robin/data/minisip/libmutil/config/missing makeinfo'
MANIFEST_TOOL=':'
MINISIP_CFLAGS='-I$(top_srcdir)/include '
MINISIP_LIBRARY_LDFLAGS='-Wl,--no-undefined -no-undefined -version-info 0:0:0'
MINISIP_LIBS=''
MKDIR_P='/bin/mkdir -p'
MUTIL_MAJOR_VERSION='0'
MUTIL_MICRO_VERSION='0'
MUTIL_MINOR_VERSION='8'
NM='/usr/bin/nm -B'
NMEDIT=''
OBJDUMP='objdump'
OBJEXT='o'
OS_WIN_FALSE=''
OS_WIN_TRUE='#'
OTOOL64=''
OTOOL=''
PACKAGE='libmutil'
PACKAGE_BUGREPORT='Erik Eliasson <eliasson@imit.kth.se>'
PACKAGE_NAME='libmutil'
PACKAGE_STRING='libmutil 0.8.0+rUnversioned directory'
PACKAGE_TARNAME='libmutil'
PACKAGE_URL=''
PACKAGE_VERSION='0.8.0+rUnversioned directory'
PATH_SEPARATOR=':'
PKG_CONFIG='/usr/bin/pkg-config'
PKG_CONFIG_LIBDIR=''
PKG_CONFIG_PATH=''
PTHREAD_CFLAGS='-D_REENTRANT'
PTHREAD_LIBS=''
PTHREAD_PATH=''
RANLIB='ranlib'
SED='/bin/sed'
SET_MAKE=''
SHELL='/bin/bash'
STRIP='strip'
TEST_SUITE_FALSE=''
TEST_SUITE_TRUE='#'
VERSION='0.8.0+rUnversioned directory'
WINDRES=''
ac_ct_AR='ar'
ac_ct_CC='gcc'
ac_ct_CXX='g++'
ac_ct_DUMPBIN=''
am__EXEEXT_FALSE=''
am__EXEEXT_TRUE='#'
am__fastdepCC_FALSE='#'
am__fastdepCC_TRUE=''
am__fastdepCXX_FALSE='#'
am__fastdepCXX_TRUE=''
am__include='include'
am__isrc=''
am__leading_dot='.'
am__nodep='_no'
am__quote=''
am__tar='$${TAR-tar} chof - "$$tardir"'
am__untar='$${TAR-tar} xf -'
bindir='${exec_prefix}/bin'
build='x86_64-pc-linux-gnu'
build_alias=''
build_cpu='x86_64'
build_os='linux-gnu'
build_vendor='pc'
datadir='${datarootdir}'
datarootdir='${prefix}/share'
docdir='${datarootdir}/doc/${PACKAGE_TARNAME}'
dvidir='${docdir}'
exec_prefix='${prefix}'
host='x86_64-pc-linux-gnu'
host_alias=''
host_cpu='x86_64'
host_os='linux-gnu'
host_vendor='pc'
htmldir='${docdir}'
includedir='${prefix}/include'
infodir='${datarootdir}/info'
install_sh='${SHELL} /home/robin/data/minisip/libmutil/config/install-sh'
libdir='${exec_prefix}/lib'
libexecdir='${exec_prefix}/libexec'
localedir='${datarootdir}/locale'
localstatedir='${prefix}/var'
mandir='${datarootdir}/man'
mkdir_p='$(MKDIR_P)'
oldincludedir='/usr/include'
pdfdir='${docdir}'
prefix='/usr/local'
program_transform_name='s,x,x,'
psdir='${docdir}'
runstatedir='${localstatedir}/run'
sbindir='${exec_prefix}/sbin'
sharedstatedir='${prefix}/com'
subdirs=' libltdl'
sysconfdir='${prefix}/etc'
target_alias=''

## ----------- ##
## confdefs.h. ##
## ----------- ##

/* confdefs.h */
#define PACKAGE_NAME "libmutil"
#define PACKAGE_TARNAME "libmutil"
#define PACKAGE_VERSION "0.8.0"
#define PACKAGE_STRING "libmutil 0.8.0"
#define PACKAGE_BUGREPORT "Erik Eliasson <eliasson@imit.kth.se>"
#define PACKAGE_URL ""
#define STDC_HEADERS 1
#define HAVE_SYS_TYPES_H 1
#define HAVE_SYS_STAT_H 1
#define HAVE_STDLIB_H 1
#define HAVE_STRING_H 1
#define HAVE_MEMORY_H 1
#define HAVE_STRINGS_H 1
#define HAVE_INTTYPES_H 1
#define HAVE_STDINT_H 1
#define HAVE_UNISTD_H 1
#define PACKAGE "libmutil"
#define VERSION "0.8.0"
#define USE_STL /**/
#define HAVE_VERSION_H 1
#define VERSION PACKAGE_VERSION_FULL
#define PACKAGE_VERSION PACKAGE_VERSION_FULL
#define PACKAGE_STRING PACKAGE_STRING_FULL
#define HAVE_DLFCN_H 1
#define LT_OBJDIR ".libs/"
#define HAVE_LIBPTHREAD 1
#define HAVE_PTHREAD_H 1
#define HAVE_SEMAPHORE_H 1
#define HAVE_LIBDL 1
#define HAVE_EXECINFO_H /**/
#define STDC_HEADERS 1
#define HAVE_MALLOC_H 1
#define HAVE_STDLIB_H 1
#define HAVE_STRING_H 1
#define HAVE_UNISTD_H 1
#define HAVE_PTHREAD_H 1
#define HAVE_TERMIOS_H 1
#define HAVE_SEMAPHORE_H 1
#define TIME_WITH_SYS_TIME 1
#define TIME_WITH_SYS_TIME 1

configure: exit 0
